/dartfs-hpc/rc/home/6/f006vh6/.conda/envs/pycce-env/lib/python3.11/site-packages/pycce/bath/array.py:1917: FutureWarning: The 'delim_whitespace' keyword in pd.read_csv is deprecated and will be removed in a future version. Use ``sep='\s+'`` instead
  all_spins = pd.read_csv(filepath, delim_whitespace=True, header=None, comment='%',
/dartfs-hpc/rc/home/6/f006vh6/.conda/envs/pycce-env/lib/python3.11/site-packages/pycce/bath/array.py:1917: FutureWarning: The 'delim_whitespace' keyword in pd.read_csv is deprecated and will be removed in a future version. Use ``sep='\s+'`` instead
  all_spins = pd.read_csv(filepath, delim_whitespace=True, header=None, comment='%',
/dartfs-hpc/rc/home/6/f006vh6/.conda/envs/pycce-env/lib/python3.11/site-packages/pycce/bath/array.py:1917: FutureWarning: The 'delim_whitespace' keyword in pd.read_csv is deprecated and will be removed in a future version. Use ``sep='\s+'`` instead
  all_spins = pd.read_csv(filepath, delim_whitespace=True, header=None, comment='%',
/dartfs-hpc/rc/home/6/f006vh6/.conda/envs/pycce-env/lib/python3.11/site-packages/pycce/bath/array.py:1917: FutureWarning: The 'delim_whitespace' keyword in pd.read_csv is deprecated and will be removed in a future version. Use ``sep='\s+'`` instead
  all_spins = pd.read_csv(filepath, delim_whitespace=True, header=None, comment='%',
/dartfs-hpc/rc/home/6/f006vh6/.conda/envs/pycce-env/lib/python3.11/site-packages/pycce/bath/array.py:1917: FutureWarning: The 'delim_whitespace' keyword in pd.read_csv is deprecated and will be removed in a future version. Use ``sep='\s+'`` instead
  all_spins = pd.read_csv(filepath, delim_whitespace=True, header=None, comment='%',
/dartfs-hpc/rc/home/6/f006vh6/.conda/envs/pycce-env/lib/python3.11/site-packages/pycce/bath/array.py:1917: FutureWarning: The 'delim_whitespace' keyword in pd.read_csv is deprecated and will be removed in a future version. Use ``sep='\s+'`` instead
  all_spins = pd.read_csv(filepath, delim_whitespace=True, header=None, comment='%',
/dartfs-hpc/rc/home/6/f006vh6/.conda/envs/pycce-env/lib/python3.11/site-packages/pycce/bath/array.py:1917: FutureWarning: The 'delim_whitespace' keyword in pd.read_csv is deprecated and will be removed in a future version. Use ``sep='\s+'`` instead
  all_spins = pd.read_csv(filepath, delim_whitespace=True, header=None, comment='%',
/dartfs-hpc/rc/home/6/f006vh6/.conda/envs/pycce-env/lib/python3.11/site-packages/pycce/bath/array.py:1917: FutureWarning: The 'delim_whitespace' keyword in pd.read_csv is deprecated and will be removed in a future version. Use ``sep='\s+'`` instead
  all_spins = pd.read_csv(filepath, delim_whitespace=True, header=None, comment='%',
/dartfs-hpc/rc/home/6/f006vh6/.conda/envs/pycce-env/lib/python3.11/site-packages/pycce/bath/array.py:1917: FutureWarning: The 'delim_whitespace' keyword in pd.read_csv is deprecated and will be removed in a future version. Use ``sep='\s+'`` instead
  all_spins = pd.read_csv(filepath, delim_whitespace=True, header=None, comment='%',
/dartfs-hpc/rc/home/6/f006vh6/.conda/envs/pycce-env/lib/python3.11/site-packages/pycce/bath/array.py:1917: FutureWarning: The 'delim_whitespace' keyword in pd.read_csv is deprecated and will be removed in a future version. Use ``sep='\s+'`` instead
  all_spins = pd.read_csv(filepath, delim_whitespace=True, header=None, comment='%',
/dartfs-hpc/rc/home/6/f006vh6/.conda/envs/pycce-env/lib/python3.11/site-packages/pycce/bath/array.py:1917: FutureWarning: The 'delim_whitespace' keyword in pd.read_csv is deprecated and will be removed in a future version. Use ``sep='\s+'`` instead
  all_spins = pd.read_csv(filepath, delim_whitespace=True, header=None, comment='%',
/dartfs-hpc/rc/home/6/f006vh6/.conda/envs/pycce-env/lib/python3.11/site-packages/pycce/bath/array.py:1917: FutureWarning: The 'delim_whitespace' keyword in pd.read_csv is deprecated and will be removed in a future version. Use ``sep='\s+'`` instead
  all_spins = pd.read_csv(filepath, delim_whitespace=True, header=None, comment='%',
/dartfs-hpc/rc/home/6/f006vh6/.conda/envs/pycce-env/lib/python3.11/site-packages/pycce/bath/array.py:1917: FutureWarning: The 'delim_whitespace' keyword in pd.read_csv is deprecated and will be removed in a future version. Use ``sep='\s+'`` instead
  all_spins = pd.read_csv(filepath, delim_whitespace=True, header=None, comment='%',
/dartfs-hpc/rc/home/6/f006vh6/.conda/envs/pycce-env/lib/python3.11/site-packages/pycce/bath/array.py:1917: FutureWarning: The 'delim_whitespace' keyword in pd.read_csv is deprecated and will be removed in a future version. Use ``sep='\s+'`` instead
  all_spins = pd.read_csv(filepath, delim_whitespace=True, header=None, comment='%',
/dartfs-hpc/rc/home/6/f006vh6/.conda/envs/pycce-env/lib/python3.11/site-packages/pycce/bath/array.py:1917: FutureWarning: The 'delim_whitespace' keyword in pd.read_csv is deprecated and will be removed in a future version. Use ``sep='\s+'`` instead
  all_spins = pd.read_csv(filepath, delim_whitespace=True, header=None, comment='%',
/dartfs-hpc/rc/home/6/f006vh6/.conda/envs/pycce-env/lib/python3.11/site-packages/pycce/bath/array.py:1917: FutureWarning: The 'delim_whitespace' keyword in pd.read_csv is deprecated and will be removed in a future version. Use ``sep='\s+'`` instead
  all_spins = pd.read_csv(filepath, delim_whitespace=True, header=None, comment='%',
/dartfs-hpc/rc/home/6/f006vh6/.conda/envs/pycce-env/lib/python3.11/site-packages/pycce/bath/array.py:222: UserWarning: Spin type for 14C was not provided and was not found in common isotopes.
  obj[n] = array[n]
/dartfs-hpc/rc/home/6/f006vh6/.conda/envs/pycce-env/lib/python3.11/site-packages/pycce/bath/array.py:222: UserWarning: Spin type for 14C was not provided and was not found in common isotopes.
  obj[n] = array[n]
/dartfs-hpc/rc/home/6/f006vh6/.conda/envs/pycce-env/lib/python3.11/site-packages/pycce/bath/array.py:222: UserWarning: Spin type for 14C was not provided and was not found in common isotopes.
  obj[n] = array[n]
/dartfs-hpc/rc/home/6/f006vh6/.conda/envs/pycce-env/lib/python3.11/site-packages/pycce/bath/array.py:222: UserWarning: Spin type for 14C was not provided and was not found in common isotopes.
  obj[n] = array[n]
/dartfs-hpc/rc/home/6/f006vh6/.conda/envs/pycce-env/lib/python3.11/site-packages/pycce/bath/array.py:222: UserWarning: Spin type for 14C was not provided and was not found in common isotopes.
  obj[n] = array[n]
/dartfs-hpc/rc/home/6/f006vh6/.conda/envs/pycce-env/lib/python3.11/site-packages/pycce/bath/array.py:222: UserWarning: Spin type for 14C was not provided and was not found in common isotopes.
  obj[n] = array[n]
/dartfs-hpc/rc/home/6/f006vh6/.conda/envs/pycce-env/lib/python3.11/site-packages/pycce/bath/array.py:222: UserWarning: Spin type for 14C was not provided and was not found in common isotopes.
  obj[n] = array[n]
/dartfs-hpc/rc/home/6/f006vh6/.conda/envs/pycce-env/lib/python3.11/site-packages/pycce/bath/array.py:222: UserWarning: Spin type for 14C was not provided and was not found in common isotopes.
  obj[n] = array[n]
/dartfs-hpc/rc/home/6/f006vh6/.conda/envs/pycce-env/lib/python3.11/site-packages/pycce/bath/array.py:222: UserWarning: Spin type for 14C was not provided and was not found in common isotopes.
  obj[n] = array[n]
/dartfs-hpc/rc/home/6/f006vh6/.conda/envs/pycce-env/lib/python3.11/site-packages/pycce/bath/array.py:222: UserWarning: Spin type for 14C was not provided and was not found in common isotopes.
  obj[n] = array[n]
/dartfs-hpc/rc/home/6/f006vh6/.conda/envs/pycce-env/lib/python3.11/site-packages/pycce/bath/array.py:222: UserWarning: Spin type for 14C was not provided and was not found in common isotopes.
  obj[n] = array[n]
/dartfs-hpc/rc/home/6/f006vh6/.conda/envs/pycce-env/lib/python3.11/site-packages/pycce/bath/array.py:222: UserWarning: Spin type for 14C was not provided and was not found in common isotopes.
  obj[n] = array[n]
/dartfs-hpc/rc/home/6/f006vh6/.conda/envs/pycce-env/lib/python3.11/site-packages/pycce/bath/array.py:222: UserWarning: Spin type for 14C was not provided and was not found in common isotopes.
  obj[n] = array[n]
/dartfs-hpc/rc/home/6/f006vh6/.conda/envs/pycce-env/lib/python3.11/site-packages/pycce/bath/array.py:222: UserWarning: Spin type for 14C was not provided and was not found in common isotopes.
  obj[n] = array[n]
/dartfs-hpc/rc/home/6/f006vh6/.conda/envs/pycce-env/lib/python3.11/site-packages/pycce/bath/array.py:222: UserWarning: Spin type for 14C was not provided and was not found in common isotopes.
  obj[n] = array[n]
/dartfs-hpc/rc/home/6/f006vh6/.conda/envs/pycce-env/lib/python3.11/site-packages/pycce/bath/array.py:222: UserWarning: Spin type for 14C was not provided and was not found in common isotopes.
  obj[n] = array[n]
/dartfs-hpc/rc/home/6/f006vh6/pycce_runs/sim.py:223: ComplexWarning: Casting complex values to real discards the imaginary part
  coherence_dict[cce_type][:, i] = traj
/dartfs-hpc/rc/home/6/f006vh6/pycce_runs/sim.py:223: ComplexWarning: Casting complex values to real discards the imaginary part
  coherence_dict[cce_type][:, i] = traj
/dartfs-hpc/rc/home/6/f006vh6/pycce_runs/sim.py:223: ComplexWarning: Casting complex values to real discards the imaginary part
  coherence_dict[cce_type][:, i] = traj
/dartfs-hpc/rc/home/6/f006vh6/pycce_runs/sim.py:223: ComplexWarning: Casting complex values to real discards the imaginary part
  coherence_dict[cce_type][:, i] = traj
/dartfs-hpc/rc/home/6/f006vh6/pycce_runs/sim.py:223: ComplexWarning: Casting complex values to real discards the imaginary part
  coherence_dict[cce_type][:, i] = traj
/dartfs-hpc/rc/home/6/f006vh6/pycce_runs/sim.py:223: ComplexWarning: Casting complex values to real discards the imaginary part
  coherence_dict[cce_type][:, i] = traj
/dartfs-hpc/rc/home/6/f006vh6/pycce_runs/sim.py:223: ComplexWarning: Casting complex values to real discards the imaginary part
  coherence_dict[cce_type][:, i] = traj
/dartfs-hpc/rc/home/6/f006vh6/pycce_runs/sim.py:223: ComplexWarning: Casting complex values to real discards the imaginary part
  coherence_dict[cce_type][:, i] = traj
/dartfs-hpc/rc/home/6/f006vh6/pycce_runs/sim.py:223: ComplexWarning: Casting complex values to real discards the imaginary part
  coherence_dict[cce_type][:, i] = traj
/dartfs-hpc/rc/home/6/f006vh6/pycce_runs/sim.py:223: ComplexWarning: Casting complex values to real discards the imaginary part
  coherence_dict[cce_type][:, i] = traj
/dartfs-hpc/rc/home/6/f006vh6/pycce_runs/sim.py:223: ComplexWarning: Casting complex values to real discards the imaginary part
  coherence_dict[cce_type][:, i] = traj
/dartfs-hpc/rc/home/6/f006vh6/pycce_runs/sim.py:223: ComplexWarning: Casting complex values to real discards the imaginary part
  coherence_dict[cce_type][:, i] = traj
/dartfs-hpc/rc/home/6/f006vh6/pycce_runs/sim.py:223: ComplexWarning: Casting complex values to real discards the imaginary part
  coherence_dict[cce_type][:, i] = traj
/dartfs-hpc/rc/home/6/f006vh6/pycce_runs/sim.py:223: ComplexWarning: Casting complex values to real discards the imaginary part
  coherence_dict[cce_type][:, i] = traj
/dartfs-hpc/rc/home/6/f006vh6/pycce_runs/sim.py:223: ComplexWarning: Casting complex values to real discards the imaginary part
  coherence_dict[cce_type][:, i] = traj
/dartfs-hpc/rc/home/6/f006vh6/pycce_runs/sim.py:223: ComplexWarning: Casting complex values to real discards the imaginary part
  coherence_dict[cce_type][:, i] = traj
